{"/Users/recardoso/Documents/Github/TesteSOLID/TesteCleanCode/src/presentation/helpers/httpResponse.js": {"path":"/Users/recardoso/Documents/Github/TesteSOLID/TesteCleanCode/src/presentation/helpers/httpResponse.js","all":false,"statementMap":{"0":{"start":{"line":1,"column":0},"end":{"line":1,"column":56}},"1":{"start":{"line":2,"column":0},"end":{"line":2,"column":56}},"2":{"start":{"line":3,"column":0},"end":{"line":3,"column":0}},"3":{"start":{"line":4,"column":0},"end":{"line":4,"column":20}},"4":{"start":{"line":5,"column":0},"end":{"line":5,"column":35}},"5":{"start":{"line":6,"column":0},"end":{"line":6,"column":16}},"6":{"start":{"line":7,"column":0},"end":{"line":7,"column":28}},"7":{"start":{"line":8,"column":0},"end":{"line":8,"column":50}},"8":{"start":{"line":9,"column":0},"end":{"line":9,"column":9}},"9":{"start":{"line":10,"column":0},"end":{"line":10,"column":5}},"10":{"start":{"line":11,"column":0},"end":{"line":11,"column":0}},"11":{"start":{"line":12,"column":0},"end":{"line":12,"column":26}},"12":{"start":{"line":13,"column":0},"end":{"line":13,"column":16}},"13":{"start":{"line":14,"column":0},"end":{"line":14,"column":27}},"14":{"start":{"line":15,"column":0},"end":{"line":15,"column":9}},"15":{"start":{"line":16,"column":0},"end":{"line":16,"column":5}},"16":{"start":{"line":17,"column":0},"end":{"line":17,"column":0}},"17":{"start":{"line":18,"column":0},"end":{"line":18,"column":32}},"18":{"start":{"line":19,"column":0},"end":{"line":19,"column":16}},"19":{"start":{"line":20,"column":0},"end":{"line":20,"column":28}},"20":{"start":{"line":21,"column":0},"end":{"line":21,"column":41}},"21":{"start":{"line":22,"column":0},"end":{"line":22,"column":9}},"22":{"start":{"line":23,"column":0},"end":{"line":23,"column":5}},"23":{"start":{"line":24,"column":0},"end":{"line":24,"column":1}},"24":{"start":{"line":25,"column":0},"end":{"line":25,"column":0}},"25":{"start":{"line":26,"column":0},"end":{"line":26,"column":29}}},"s":{"0":1,"1":1,"2":1,"3":1,"4":1,"5":2,"6":2,"7":2,"8":2,"9":2,"10":1,"11":1,"12":4,"13":4,"14":4,"15":4,"16":1,"17":1,"18":2,"19":2,"20":2,"21":2,"22":2,"23":1,"24":1,"25":1},"branchMap":{},"b":{},"fnMap":{"0":{"name":"badRequest","decl":{"start":{"line":5,"column":11},"end":{"line":10,"column":5}},"loc":{"start":{"line":5,"column":11},"end":{"line":10,"column":5}},"line":5},"1":{"name":"serverError","decl":{"start":{"line":12,"column":11},"end":{"line":16,"column":5}},"loc":{"start":{"line":12,"column":11},"end":{"line":16,"column":5}},"line":12},"2":{"name":"unauthorizedError","decl":{"start":{"line":18,"column":11},"end":{"line":23,"column":5}},"loc":{"start":{"line":18,"column":11},"end":{"line":23,"column":5}},"line":18}},"f":{"0":2,"1":4,"2":2}}
,"/Users/recardoso/Documents/Github/TesteSOLID/TesteCleanCode/src/presentation/helpers/missingParamError.js": {"path":"/Users/recardoso/Documents/Github/TesteSOLID/TesteCleanCode/src/presentation/helpers/missingParamError.js","all":false,"statementMap":{"0":{"start":{"line":1,"column":0},"end":{"line":1,"column":39}},"1":{"start":{"line":2,"column":0},"end":{"line":2,"column":29}},"2":{"start":{"line":3,"column":0},"end":{"line":3,"column":44}},"3":{"start":{"line":4,"column":0},"end":{"line":4,"column":39}},"4":{"start":{"line":5,"column":0},"end":{"line":5,"column":5}},"5":{"start":{"line":6,"column":0},"end":{"line":6,"column":1}},"6":{"start":{"line":7,"column":0},"end":{"line":7,"column":0}},"7":{"start":{"line":8,"column":0},"end":{"line":8,"column":34}}},"s":{"0":1,"1":1,"2":4,"3":4,"4":4,"5":1,"6":1,"7":1},"branchMap":{},"b":{},"fnMap":{"0":{"name":"MissingParamError","decl":{"start":{"line":2,"column":4},"end":{"line":5,"column":5}},"loc":{"start":{"line":2,"column":4},"end":{"line":5,"column":5}},"line":2}},"f":{"0":4}}
,"/Users/recardoso/Documents/Github/TesteSOLID/TesteCleanCode/src/presentation/helpers/unauthorizedError.js": {"path":"/Users/recardoso/Documents/Github/TesteSOLID/TesteCleanCode/src/presentation/helpers/unauthorizedError.js","all":false,"statementMap":{"0":{"start":{"line":1,"column":0},"end":{"line":1,"column":39}},"1":{"start":{"line":2,"column":0},"end":{"line":2,"column":29}},"2":{"start":{"line":3,"column":0},"end":{"line":3,"column":29}},"3":{"start":{"line":4,"column":0},"end":{"line":4,"column":39}},"4":{"start":{"line":5,"column":0},"end":{"line":5,"column":5}},"5":{"start":{"line":6,"column":0},"end":{"line":6,"column":1}},"6":{"start":{"line":7,"column":0},"end":{"line":7,"column":0}},"7":{"start":{"line":8,"column":0},"end":{"line":8,"column":34}}},"s":{"0":1,"1":1,"2":3,"3":3,"4":3,"5":1,"6":1,"7":1},"branchMap":{},"b":{},"fnMap":{"0":{"name":"UnauthorizedError","decl":{"start":{"line":2,"column":4},"end":{"line":5,"column":5}},"loc":{"start":{"line":2,"column":4},"end":{"line":5,"column":5}},"line":2}},"f":{"0":3}}
,"/Users/recardoso/Documents/Github/TesteSOLID/TesteCleanCode/src/presentation/routers/login-router.js": {"path":"/Users/recardoso/Documents/Github/TesteSOLID/TesteCleanCode/src/presentation/routers/login-router.js","all":false,"statementMap":{"0":{"start":{"line":1,"column":0},"end":{"line":1,"column":55}},"1":{"start":{"line":2,"column":0},"end":{"line":2,"column":0}},"2":{"start":{"line":3,"column":0},"end":{"line":3,"column":19}},"3":{"start":{"line":4,"column":0},"end":{"line":4,"column":31}},"4":{"start":{"line":5,"column":0},"end":{"line":5,"column":38}},"5":{"start":{"line":6,"column":0},"end":{"line":6,"column":5}},"6":{"start":{"line":7,"column":0},"end":{"line":7,"column":0}},"7":{"start":{"line":8,"column":0},"end":{"line":8,"column":25}},"8":{"start":{"line":9,"column":0},"end":{"line":9,"column":95}},"9":{"start":{"line":10,"column":0},"end":{"line":10,"column":45}},"10":{"start":{"line":11,"column":0},"end":{"line":11,"column":9}},"11":{"start":{"line":12,"column":0},"end":{"line":12,"column":52}},"12":{"start":{"line":13,"column":0},"end":{"line":13,"column":21}},"13":{"start":{"line":14,"column":0},"end":{"line":14,"column":51}},"14":{"start":{"line":15,"column":0},"end":{"line":15,"column":9}},"15":{"start":{"line":16,"column":0},"end":{"line":16,"column":25}},"16":{"start":{"line":17,"column":0},"end":{"line":17,"column":54}},"17":{"start":{"line":18,"column":0},"end":{"line":18,"column":9}},"18":{"start":{"line":19,"column":0},"end":{"line":19,"column":46}},"19":{"start":{"line":20,"column":0},"end":{"line":20,"column":47}},"20":{"start":{"line":21,"column":0},"end":{"line":21,"column":5}},"21":{"start":{"line":22,"column":0},"end":{"line":22,"column":1}},"22":{"start":{"line":23,"column":0},"end":{"line":23,"column":0}},"23":{"start":{"line":24,"column":0},"end":{"line":24,"column":28}}},"s":{"0":1,"1":1,"2":1,"3":1,"4":8,"5":8,"6":1,"7":1,"8":8,"9":8,"10":8,"11":8,"12":8,"13":8,"14":8,"15":8,"16":8,"17":8,"18":8,"19":8,"20":8,"21":1,"22":1,"23":1},"branchMap":{},"b":{},"fnMap":{"0":{"name":"LoginRouter","decl":{"start":{"line":4,"column":4},"end":{"line":6,"column":5}},"loc":{"start":{"line":4,"column":4},"end":{"line":6,"column":5}},"line":4},"1":{"name":"route","decl":{"start":{"line":8,"column":4},"end":{"line":21,"column":5}},"loc":{"start":{"line":8,"column":4},"end":{"line":21,"column":5}},"line":8}},"f":{"0":8,"1":8}}
}
