TN:
SF:src/domain/usecases/auth-usecase.js
FN:4,AuthUseCase
FN:10,auth
FNF:2
FNH:2
FNDA:9,AuthUseCase
FNDA:21,auth
DA:1,1
DA:2,1
DA:3,1
DA:4,1
DA:5,9
DA:6,9
DA:7,9
DA:8,9
DA:9,1
DA:10,1
DA:11,21
DA:12,21
DA:13,21
DA:14,21
DA:15,21
DA:16,21
DA:17,21
DA:18,21
DA:19,21
DA:20,21
DA:21,21
DA:22,21
DA:23,21
DA:24,21
DA:25,21
DA:26,21
DA:27,1
LF:27
LH:27
BRF:0
BRH:0
end_of_record
TN:
SF:src/utils/errors/index.js
FNF:0
FNH:0
DA:1,1
DA:2,1
DA:3,1
DA:4,1
DA:5,1
DA:6,1
DA:7,1
LF:7
LH:7
BRF:0
BRH:0
end_of_record
TN:
SF:src/utils/errors/invalid-param-error.js
FN:2,InvalidParamError
FNF:1
FNH:0
FNDA:0,InvalidParamError
DA:1,1
DA:2,1
DA:3,0
DA:4,0
DA:5,0
DA:6,1
DA:7,1
DA:8,1
LF:8
LH:5
BRF:0
BRH:0
end_of_record
TN:
SF:src/utils/errors/missing-param-error.js
FN:2,MissingParamError
FNF:1
FNH:1
FNDA:4,MissingParamError
DA:1,1
DA:2,1
DA:3,4
DA:4,4
DA:5,4
DA:6,1
DA:7,1
DA:8,1
LF:8
LH:8
BRF:0
BRH:0
end_of_record
